         Title Network motifs: simple building blocks of complex networks
           URL http://science.sciencemag.org/content/298/5594/824.short
          Year 2002
     Citations 4985
      Versions 82
    Cluster ID 2370389589697348326
Citations list http://scholar.google.com/scholar?cites=2370389589697348326&as_sdt=2005&sciodt=0,5&hl=en
 Versions list http://scholar.google.com/scholar?cluster=2370389589697348326&hl=en&as_sdt=0,5
       Excerpt Abstract Complex networks are studied across many fields of science. To uncover their structural design principles, we defined “network motifs,” patterns of interconnections occurring in complex networks at numbers that are significantly higher than those in 

         Title Network motifs in the transcriptional regulation network of Escherichia coli
           URL http://www.nature.com/ng/journal/v31/n1/abs/ng881.html
          Year 2002
     Citations 2581
      Versions 47
    Cluster ID 5972470905239285870
Citations list http://scholar.google.com/scholar?cites=5972470905239285870&as_sdt=2005&sciodt=0,5&hl=en
 Versions list http://scholar.google.com/scholar?cluster=5972470905239285870&hl=en&as_sdt=0,5
       Excerpt Little is known about the design principles 1, 2, 3, 4, 5, 6, 7, 8, 9, 10 of transcriptional regulation networks that control gene expression in cells. Recent advances in data collection and analysis 2, 11, 12, however, are generating unprecedented amounts of 

         Title Network motifs: theory and experimental approaches
           URL http://www.nature.com/nrg/journal/v8/n6/abs/nrg2102.html
          Year 2007
     Citations 2064
      Versions 46
    Cluster ID 9188759733109240433
Citations list http://scholar.google.com/scholar?cites=9188759733109240433&as_sdt=2005&sciodt=0,5&hl=en
 Versions list http://scholar.google.com/scholar?cluster=9188759733109240433&hl=en&as_sdt=0,5
       Excerpt Abstract Transcription regulation networks control the expression of genes. The transcription networks of well-studied microorganisms appear to be made up of a small set of recurring regulation patterns, called network motifs. The same network motifs have recently been 

         Title Spontaneous evolution of modularity and network motifs
           URL http://www.pnas.org/content/102/39/13773.short
          Year 2005
     Citations 647
      Versions 30
    Cluster ID 5196014197539803219
Citations list http://scholar.google.com/scholar?cites=5196014197539803219&as_sdt=2005&sciodt=0,5&hl=en
 Versions list http://scholar.google.com/scholar?cluster=5196014197539803219&hl=en&as_sdt=0,5
       Excerpt Abstract Biological networks have an inherent simplicity: they are modular with a design that can be separated into units that perform almost independently. Furthermore, they show reuse of recurring patterns termed network motifs. Little is known about the evolutionary 

         Title Network motifs in integrated cellular networks of transcription–regulation and protein–protein interaction
           URL http://www.pnas.org/content/101/16/5934.short
          Year 2004
     Citations 473
      Versions 23
    Cluster ID 9153210847365993285
Citations list http://scholar.google.com/scholar?cites=9153210847365993285&as_sdt=2005&sciodt=0,5&hl=en
 Versions list http://scholar.google.com/scholar?cluster=9153210847365993285&hl=en&as_sdt=0,5
       Excerpt Abstract Genes and proteins generate molecular circuitry that enables the cell to process information and respond to stimuli. A major challenge is to identify characteristic patterns in this network of interactions that may shed light on basic cellular mechanisms. Previous 

         Title MicroRNA-mediated feedback and feedforward loops are recurrent network motifs in mammals
           URL http://www.sciencedirect.com/science/article/pii/S109727650700319X
          Year 2007
     Citations 592
      Versions 18
    Cluster ID 12466716161025187898
Citations list http://scholar.google.com/scholar?cites=12466716161025187898&as_sdt=2005&sciodt=0,5&hl=en
 Versions list http://scholar.google.com/scholar?cluster=12466716161025187898&hl=en&as_sdt=0,5
       Excerpt MicroRNAs (miRNAs) are regulatory molecules that participate in diverse biological processes in animals and plants. While thousands of mammalian genes are potentially targeted by miRNAs, the functions of miRNAs in the context of gene networks are not well 

         Title Efficient sampling algorithm for estimating subgraph concentrations and detecting network motifs
           URL http://bioinformatics.oxfordjournals.org/content/20/11/1746.short
          Year 2004
     Citations 421
      Versions 22
    Cluster ID 3418241952539382512
Citations list http://scholar.google.com/scholar?cites=3418241952539382512&as_sdt=2005&sciodt=0,5&hl=en
 Versions list http://scholar.google.com/scholar?cluster=3418241952539382512&hl=en&as_sdt=0,5
       Excerpt Summary: Biological and engineered networks have recently been shown to display network motifs: a small set of characteristic patterns that occur much more frequently than in randomized networks with the same degree sequence. Network motifs were demonstrated 

         Title Comment on" Network motifs: simple building blocks of complex networks" and" Superfamilies of evolved and designed networks"
           URL http://science.sciencemag.org/content/305/5687/1107.3.short
          Year 2004
     Citations 238
      Versions 25
    Cluster ID 12885676970757445820
Citations list http://scholar.google.com/scholar?cites=12885676970757445820&as_sdt=2005&sciodt=0,5&hl=en
 Versions list http://scholar.google.com/scholar?cluster=12885676970757445820&hl=en&as_sdt=0,5
       Excerpt Recently, excitement has surrounded the application of null-hypothesis approaches for identifying evolutionary design principles in biological, technological, and social networks (1–13) and for classifying diverse networks into distinctive superfamilies (2). Here, we argue 

         Title Dynamic properties of network motifs contribute to biological network organization
           URL http://journals.plos.org/plosbiology/article/figure?id=10.1371/journal.pbio.0030343.g002
          Year 2005
     Citations 325
      Versions 17
    Cluster ID 7194659311446139783
Citations list http://scholar.google.com/scholar?cites=7194659311446139783&as_sdt=2005&sciodt=0,5&hl=en
 Versions list http://scholar.google.com/scholar?cluster=7194659311446139783&hl=en&as_sdt=0,5
       Excerpt Abstract Biological networks, such as those describing gene regulation, signal transduction, and neural synapses, are representations of large-scale dynamic systems. Discovery of organizing principles of biological networks can be enhanced by embracing the notion that 

         Title MAVisto: a tool for the exploration of network motifs
           URL http://bioinformatics.oxfordjournals.org/content/21/17/3572.short
          Year 2005
     Citations 148
      Versions 12
    Cluster ID 3004391338637729382
Citations list http://scholar.google.com/scholar?cites=3004391338637729382&as_sdt=2005&sciodt=0,5&hl=en
 Versions list http://scholar.google.com/scholar?cluster=3004391338637729382&hl=en&as_sdt=0,5
       Excerpt Summary: MAVisto is a tool for the exploration of motifs in biological networks. It provides a flexible motif search algorithm and different views for the analysis and visualization of network motifs. These views help to explore interesting motifs: the frequency of motif 

